<?xml version="1.0" encoding="UTF-8"?>
<!-- Generated by org.testng.reporters.JUnitReportReporter -->
<testsuite skipped="0" hostname="smart" name="TestingVisumenu.addOrganisation" tests="4" failures="0" timestamp="20 Dec 2017 07:00:17 GMT" time="71.822" errors="0">
  <testcase name="testOrganization" time="43.829" classname="TestingVisumenu.addOrganisation"/>
  <testcase name="searchOrganization" time="15.987" classname="TestingVisumenu.addOrganisation"/>
  <testcase name="deleteOrganization" time="4.184" classname="TestingVisumenu.addOrganisation"/>
  <testcase name="recheckAfterDeletingOrganization" time="7.822" classname="TestingVisumenu.addOrganisation"/>
</testsuite> <!-- TestingVisumenu.addOrganisation -->
