<?xml version="1.0" encoding="UTF-8"?>
<!-- Generated by org.testng.reporters.JUnitReportReporter -->
<testsuite skipped="0" hostname="smart" name="TestingVisumenu.loginPage" tests="1" failures="0" timestamp="16 Dec 2017 05:20:44 GMT" time="30.379" errors="0">
  <testcase name="testLogin" time="30.379" classname="TestingVisumenu.loginPage"/>
</testsuite> <!-- TestingVisumenu.loginPage -->
