<?xml version="1.0" encoding="UTF-8"?>
<!-- Generated by org.testng.reporters.JUnitReportReporter -->
<testsuite skipped="0" hostname="smart" name="TestingVisumenu.LoginPageTPF" tests="1" failures="0" timestamp="19 Jan 2018 06:20:00 GMT" time="4.407" errors="0">
  <testcase name="testingLogin" time="4.407" classname="TestingVisumenu.LoginPageTPF"/>
</testsuite> <!-- TestingVisumenu.LoginPageTPF -->
