<?xml version="1.0" encoding="UTF-8"?>
<!-- Generated by org.testng.reporters.JUnitReportReporter -->
<testsuite skipped="0" hostname="smart" name="TestingVisumenu.AddDepartment" tests="6" failures="0" timestamp="12 Jan 2018 08:50:25 GMT" time="145.294" errors="0">
  <testcase name="addDepartment" time="111.938" classname="TestingVisumenu.AddDepartment"/>
  <testcase name="searchDepartment" time="9.917" classname="TestingVisumenu.AddDepartment"/>
  <testcase name="deleteDepartment" time="5.281" classname="TestingVisumenu.AddDepartment"/>
  <testcase name="searchDeletedDepartment" time="6.610" classname="TestingVisumenu.AddDepartment"/>
  <testcase name="searchDepartmentAgain" time="6.349" classname="TestingVisumenu.AddDepartment"/>
  <testcase name="deleteDepartmentAgain" time="5.199" classname="TestingVisumenu.AddDepartment"/>
</testsuite> <!-- TestingVisumenu.AddDepartment -->
