<?xml version="1.0" encoding="UTF-8"?>
<!-- Generated by org.testng.reporters.JUnitReportReporter -->
<testsuite skipped="0" hostname="smart" name="TestingVisumenu.AddCountry" tests="4" failures="0" timestamp="12 Jan 2018 09:34:27 GMT" time="156.902" errors="0">
  <testcase name="testAddCountry" time="129.576" classname="TestingVisumenu.AddCountry"/>
  <testcase name="searchCountry" time="9.980" classname="TestingVisumenu.AddCountry"/>
  <testcase name="deleteCountry" time="6.242" classname="TestingVisumenu.AddCountry"/>
  <testcase name="searchCountryAfterDeleting" time="11.104" classname="TestingVisumenu.AddCountry"/>
</testsuite> <!-- TestingVisumenu.AddCountry -->
